<?xml version="1.0" encoding="UTF-8"?>
<!-- Generated by org.testng.reporters.JUnitReportReporter -->
<testsuite skipped="0" hostname="Admin" name="api_learning.testng.TestParameter02" tests="1" failures="0" timestamp="2022-10-01T17:36:46 ICT" time="0.002" errors="0">
  <testcase name="testParameter" time="0.002" classname="api_learning.testng.TestParameter02"/>
  <system-out/>
</testsuite> <!-- tests.testng.TestParameter02 -->
