<?xml version="1.0" encoding="UTF-8"?>
<!-- Generated by org.testng.reporters.JUnitReportReporter -->
<testsuite skipped="0" hostname="Admin" name="api_learning.testng.TestNGHooks02" tests="2" failures="0" timestamp="2022-10-01T17:36:46 ICT" time="0.008" errors="0">
  <testcase name="testSth01" time="0.003" classname="api_learning.testng.TestNGHooks02"/>
  <system-out/>
  <testcase name="testSth02" time="0.005" classname="api_learning.testng.TestNGHooks02"/>
  <system-out/>
</testsuite> <!-- tests.testng.TestNGHooks02 -->
